<?xml version="1.0" encoding="UTF-8"?>
<testsuites>
  <testsuite name="fastlane.lanes">
    
    
    
      
      <testcase classname="fastlane.lanes" name="0: default_platform" time="0.000276">
        
      </testcase>
    
      
      <testcase classname="fastlane.lanes" name="1: project assembleRelease" time="9.231683">
        
      </testcase>
    
      
      <testcase classname="fastlane.lanes" name="2: Switch to android get_build_version lane" time="0.000389">
        
      </testcase>
    
      
      <testcase classname="fastlane.lanes" name="3: prompt" time="4.365794">
        
      </testcase>
    
      
      <testcase classname="fastlane.lanes" name="4: clean" time="1.288552">
        
      </testcase>
    
      
      <testcase classname="fastlane.lanes" name="5: library:publish" time="0.913249">
        
      </testcase>
    
      
      <testcase classname="fastlane.lanes" name="6: git_add" time="0.062501">
        
      </testcase>
    
      
      <testcase classname="fastlane.lanes" name="7: git_commit" time="1.711282">
        
          <failure message="/opt/homebrew/Cellar/fastlane/2.208.0/libexec/gems/fastlane-2.208.0/fastlane/lib/fastlane/actions/actions_helper.rb:67:in `execute_action&apos;&#10;/opt/homebrew/Cellar/fastlane/2.208.0/libexec/gems/fastlane-2.208.0/fastlane/lib/fastlane/runner.rb:255:in `block in execute_action&apos;&#10;/opt/homebrew/Cellar/fastlane/2.208.0/libexec/gems/fastlane-2.208.0/fastlane/lib/fastlane/runner.rb:229:in `chdir&apos;&#10;/opt/homebrew/Cellar/fastlane/2.208.0/libexec/gems/fastlane-2.208.0/fastlane/lib/fastlane/runner.rb:229:in `execute_action&apos;&#10;/opt/homebrew/Cellar/fastlane/2.208.0/libexec/gems/fastlane-2.208.0/fastlane/lib/fastlane/runner.rb:157:in `trigger_action_by_name&apos;&#10;/opt/homebrew/Cellar/fastlane/2.208.0/libexec/gems/fastlane-2.208.0/fastlane/lib/fastlane/fast_file.rb:159:in `method_missing&apos;&#10;Fastfile:88:in `block (2 levels) in parsing_binding&apos;&#10;/opt/homebrew/Cellar/fastlane/2.208.0/libexec/gems/fastlane-2.208.0/fastlane/lib/fastlane/lane.rb:33:in `call&apos;&#10;/opt/homebrew/Cellar/fastlane/2.208.0/libexec/gems/fastlane-2.208.0/fastlane/lib/fastlane/runner.rb:49:in `block in execute&apos;&#10;/opt/homebrew/Cellar/fastlane/2.208.0/libexec/gems/fastlane-2.208.0/fastlane/lib/fastlane/runner.rb:45:in `chdir&apos;&#10;/opt/homebrew/Cellar/fastlane/2.208.0/libexec/gems/fastlane-2.208.0/fastlane/lib/fastlane/runner.rb:45:in `execute&apos;&#10;/opt/homebrew/Cellar/fastlane/2.208.0/libexec/gems/fastlane-2.208.0/fastlane/lib/fastlane/lane_manager.rb:47:in `cruise_lane&apos;&#10;/opt/homebrew/Cellar/fastlane/2.208.0/libexec/gems/fastlane-2.208.0/fastlane/lib/fastlane/command_line_handler.rb:36:in `handle&apos;&#10;/opt/homebrew/Cellar/fastlane/2.208.0/libexec/gems/fastlane-2.208.0/fastlane/lib/fastlane/commands_generator.rb:110:in `block (2 levels) in run&apos;&#10;/opt/homebrew/Cellar/fastlane/2.208.0/libexec/gems/commander-4.6.0/lib/commander/command.rb:187:in `call&apos;&#10;/opt/homebrew/Cellar/fastlane/2.208.0/libexec/gems/commander-4.6.0/lib/commander/command.rb:157:in `run&apos;&#10;/opt/homebrew/Cellar/fastlane/2.208.0/libexec/gems/commander-4.6.0/lib/commander/runner.rb:444:in `run_active_command&apos;&#10;/opt/homebrew/Cellar/fastlane/2.208.0/libexec/gems/fastlane-2.208.0/fastlane_core/lib/fastlane_core/ui/fastlane_runner.rb:124:in `run!&apos;&#10;/opt/homebrew/Cellar/fastlane/2.208.0/libexec/gems/commander-4.6.0/lib/commander/delegates.rb:18:in `run!&apos;&#10;/opt/homebrew/Cellar/fastlane/2.208.0/libexec/gems/fastlane-2.208.0/fastlane/lib/fastlane/commands_generator.rb:354:in `run&apos;&#10;/opt/homebrew/Cellar/fastlane/2.208.0/libexec/gems/fastlane-2.208.0/fastlane/lib/fastlane/commands_generator.rb:43:in `start&apos;&#10;/opt/homebrew/Cellar/fastlane/2.208.0/libexec/gems/fastlane-2.208.0/fastlane/lib/fastlane/cli_tools_distributor.rb:123:in `take_off&apos;&#10;/opt/homebrew/Cellar/fastlane/2.208.0/libexec/gems/fastlane-2.208.0/bin/fastlane:23:in `&lt;top (required)&gt;&apos;&#10;/opt/homebrew/Cellar/fastlane/2.208.0/libexec/bin/fastlane:25:in `load&apos;&#10;/opt/homebrew/Cellar/fastlane/2.208.0/libexec/bin/fastlane:25:in `&lt;main&gt;&apos;&#10;&#10;Exit status of command &apos;git commit -m release\ library\ version\ &apos;&#10;&apos;\&gt;\ Configure\ project\ :library&apos;&#10;&apos;Warning:\ Mapping\ new\ ns\ http://schemas.android.com/repository/android/common/02\ to\ old\ ns\ http://schemas.android.com/repository/android/common/01&apos;&#10;&apos;Warning:\ Mapping\ new\ ns\ http://schemas.android.com/repository/android/generic/02\ to\ old\ ns\ http://schemas.android.com/repository/android/generic/01&apos;&#10;&apos;Warning:\ Mapping\ new\ ns\ http://schemas.android.com/sdk/android/repo/addon2/02\ to\ old\ ns\ http://schemas.android.com/sdk/android/repo/addon2/01&apos;&#10;&apos;Warning:\ Mapping\ new\ ns\ http://schemas.android.com/sdk/android/repo/repository2/02\ to\ old\ ns\ http://schemas.android.com/sdk/android/repo/repository2/01&apos;&#10;&apos;Warning:\ Mapping\ new\ ns\ http://schemas.android.com/sdk/android/repo/sys-img2/02\ to\ old\ ns\ http://schemas.android.com/sdk/android/repo/sys-img2/01&apos;&#10;&apos;&apos;&#10;&apos;\&gt;\ Task\ :installGitHook\ UP-TO-DATE&apos;&#10;&apos;\&gt;\ Task\ :clean&apos;&#10;&apos;\&gt;\ Task\ :library-no-op:clean&apos;&#10;&apos;\&gt;\ Task\ :sample:clean&apos;&#10;&apos;\&gt;\ Task\ :library:clean&apos;&#10;&apos;&apos;&#10;&apos;BUILD\ SUCCESSFUL\ in\ 842ms&apos;&#10;&apos;5\ actionable\ tasks:\ 4\ executed,\ 1\ up-to-date&apos;&#10;&apos; \*&apos; was 1 instead of 0.&#10;Running pre-commit checks...&#10;Warning: Mapping new ns http://schemas.android.com/repository/android/common/02 to old ns http://schemas.android.com/repository/android/common/01&#10;Warning: Mapping new ns http://schemas.android.com/repository/android/generic/02 to old ns http://schemas.android.com/repository/android/generic/01&#10;Warning: Mapping new ns http://schemas.android.com/sdk/android/repo/addon2/02 to old ns http://schemas.android.com/sdk/android/repo/addon2/01&#10;Warning: Mapping new ns http://schemas.android.com/sdk/android/repo/repository2/02 to old ns http://schemas.android.com/sdk/android/repo/repository2/01&#10;Warning: Mapping new ns http://schemas.android.com/sdk/android/repo/sys-img2/02 to old ns http://schemas.android.com/sdk/android/repo/sys-img2/01&#10;&#10;FAILURE: Build failed with an exception.&#10;&#10;* What went wrong:&#10;Execution failed for task &apos;:library:detekt&apos;.&#10;&gt; Build failed with 10 weighted issues.&#10;&#10;* Try:&#10;Run with --stacktrace option to get the stack trace. Run with --info or --debug option to get more log output. Run with --scan to get full insights.&#10;&#10;* Get more help at https://help.gradle.org&#10;&#10;BUILD FAILED in 1s&#10;&#10;&gt; Configure project :library&#10;&#10;&gt; Task :library-no-op:detekt&#10;&gt; Task :library-no-op:loadKtlintReporters&#10;&gt; Task :library-no-op:runKtlintCheckOverAndroidTestDebugSourceSet NO-SOURCE&#10;&gt; Task :library-no-op:ktlintAndroidTestDebugSourceSetCheck SKIPPED&#10;&gt; Task :library-no-op:runKtlintCheckOverAndroidTestReleaseSourceSet NO-SOURCE&#10;&gt; Task :library-no-op:ktlintAndroidTestReleaseSourceSetCheck SKIPPED&#10;&gt; Task :library-no-op:runKtlintCheckOverAndroidTestSourceSet NO-SOURCE&#10;&gt; Task :library-no-op:ktlintAndroidTestSourceSetCheck SKIPPED&#10;&gt; Task :library-no-op:runKtlintCheckOverDebugSourceSet NO-SOURCE&#10;&gt; Task :library-no-op:ktlintDebugSourceSetCheck SKIPPED&#10;&gt; Task :library-no-op:runKtlintCheckOverKotlinScripts NO-SOURCE&#10;&gt; Task :library-no-op:ktlintKotlinScriptCheck SKIPPED&#10;&gt; Task :library-no-op:runKtlintCheckOverReleaseSourceSet NO-SOURCE&#10;&gt; Task :library-no-op:ktlintReleaseSourceSetCheck SKIPPED&#10;&gt; Task :library-no-op:runKtlintCheckOverTestDebugSourceSet NO-SOURCE&#10;&gt; Task :library-no-op:ktlintTestDebugSourceSetCheck SKIPPED&#10;&gt; Task :library-no-op:runKtlintCheckOverTestReleaseSourceSet NO-SOURCE&#10;&gt; Task :library-no-op:ktlintTestReleaseSourceSetCheck SKIPPED&#10;&gt; Task :library-no-op:runKtlintCheckOverTestSourceSet NO-SOURCE&#10;&gt; Task :library-no-op:ktlintTestSourceSetCheck SKIPPED&#10;&gt; Task :sample:detekt&#10;&gt; Task :library-no-op:runKtlintCheckOverMainSourceSet&#10;&gt; Task :sample:loadKtlintReporters&#10;&gt; Task :sample:runKtlintCheckOverAndroidTestDebugSourceSet NO-SOURCE&#10;&gt; Task :sample:ktlintAndroidTestDebugSourceSetCheck SKIPPED&#10;&gt; Task :sample:runKtlintCheckOverAndroidTestReleaseSourceSet NO-SOURCE&#10;&gt; Task :sample:ktlintAndroidTestReleaseSourceSetCheck SKIPPED&#10;&gt; Task :sample:runKtlintCheckOverAndroidTestSourceSet NO-SOURCE&#10;&gt; Task :sample:ktlintAndroidTestSourceSetCheck SKIPPED&#10;&gt; Task :sample:runKtlintCheckOverDebugSourceSet NO-SOURCE&#10;&gt; Task :sample:ktlintDebugSourceSetCheck SKIPPED&#10;&gt; Task :sample:runKtlintCheckOverKotlinScripts NO-SOURCE&#10;&gt; Task :sample:ktlintKotlinScriptCheck SKIPPED&#10;&gt; Task :library-no-op:ktlintMainSourceSetCheck&#10;&gt; Task :library-no-op:ktlintCheck&#10;&gt; Task :sample:runKtlintCheckOverReleaseSourceSet NO-SOURCE&#10;&gt; Task :sample:ktlintReleaseSourceSetCheck SKIPPED&#10;&gt; Task :sample:runKtlintCheckOverTestDebugSourceSet NO-SOURCE&#10;&gt; Task :sample:ktlintTestDebugSourceSetCheck SKIPPED&#10;&gt; Task :sample:runKtlintCheckOverTestReleaseSourceSet NO-SOURCE&#10;&gt; Task :sample:ktlintTestReleaseSourceSetCheck SKIPPED&#10;&gt; Task :sample:runKtlintCheckOverTestSourceSet NO-SOURCE&#10;&gt; Task :sample:ktlintTestSourceSetCheck SKIPPED&#10;&gt; Task :sample:runKtlintCheckOverMainSourceSet&#10;&gt; Task :sample:ktlintMainSourceSetCheck&#10;&gt; Task :sample:ktlintCheck&#10;&#10;&gt; Task :library:detekt FAILED&#10;complexity - 40min debt&#10;	[33mTooManyFunctions - 12/11 - [HttpTransactionRepository] at /Users/syedamariarasheed/chucker/library/src/main/java/com/chuckerteam/chucker/internal/data/repository/HttpTransactionRepository.kt:13:20[0m&#10;	[33mTooManyFunctions - 12/11 - [HttpTransactionDao] at /Users/syedamariarasheed/chucker/library/src/main/java/com/chuckerteam/chucker/internal/data/room/HttpTransactionDao.kt:14:20[0m&#10;empty-blocks - 5min debt&#10;	[33mEmptyCatchBlock - [&lt;anonymous&gt;] at /Users/syedamariarasheed/chucker/library/src/main/java/com/chuckerteam/chucker/internal/ui/logs/ChuckerLogs.kt:23:37[0m&#10;exceptions - 40min debt&#10;	[33mTooGenericExceptionCaught - [ex] at /Users/syedamariarasheed/chucker/library/src/main/java/com/chuckerteam/chucker/internal/ui/logs/ChuckerLogs.kt:23:22[0m&#10;	[33mSwallowedException - [&lt;anonymous&gt;] at /Users/syedamariarasheed/chucker/library/src/main/java/com/chuckerteam/chucker/internal/ui/logs/ChuckerLogs.kt:23:15[0m&#10;style - 25min debt&#10;	[33mNewLineAtEndOfFile - [ChuckerLogsFragment.kt] at /Users/syedamariarasheed/chucker/library/src/main/java/com/chuckerteam/chucker/internal/ui/logs/ChuckerLogsFragment.kt:1:1[0m&#10;	[33mWildcardImport - [ChuckerLogsFragment.kt] at /Users/syedamariarasheed/chucker/library/src/main/java/com/chuckerteam/chucker/internal/ui/logs/ChuckerLogsFragment.kt:4:1[0m&#10;	[33mNewLineAtEndOfFile - [ChuckerLogs.kt] at /Users/syedamariarasheed/chucker/library/src/main/java/com/chuckerteam/chucker/internal/ui/logs/ChuckerLogs.kt:1:1[0m&#10;	[33mNewLineAtEndOfFile - [ChuckerLogsAdapter.kt] at /Users/syedamariarasheed/chucker/library/src/main/java/com/chuckerteam/chucker/internal/ui/logs/ChuckerLogsAdapter.kt:1:1[0m&#10;	[33mMaxLineLength - [ChuckerDatabase] at /Users/syedamariarasheed/chucker/library/src/main/java/com/chuckerteam/chucker/internal/data/room/ChuckerDatabase.kt:11:1[0m&#10;&#10;Overall debt: 1h 50min&#10;&#10;9 actionable tasks: 9 executed&#10;*********************************************&#10;               Checks Failed!                &#10;    Resolve found issues before committing   &#10;*********************************************&#10;" />
        
      </testcase>
    
  </testsuite>
</testsuites>
